<?xml version="1.0" encoding="UTF-8"?>
<testng-results ignored="0" total="1" passed="1" failed="0" skipped="0">
  <reporter-output>
  </reporter-output>
  <suite started-at="2022-11-09T21:44:15 IST" name="Suite" finished-at="2022-11-09T21:44:41 IST" duration-ms="25454">
    <groups>
      <group name="sanity">
        <method signature="CreateDocumentTest.createDocumentTest()[pri:0, instance:com.vtiger.documentTest.CreateDocumentTest@68b6f0d6]" name="createDocumentTest" class="com.vtiger.documentTest.CreateDocumentTest"/>
      </group> <!-- sanity -->
    </groups>
    <test started-at="2022-11-09T21:44:15 IST" name="Test" finished-at="2022-11-09T21:44:41 IST" duration-ms="25454">
      <class name="com.vtiger.documentTest.CreateDocumentTest">
        <test-method is-config="true" signature="beforeSuite()[pri:0, instance:com.vtiger.documentTest.CreateDocumentTest@68b6f0d6]" started-at="2022-11-09T21:44:14 IST" name="beforeSuite" finished-at="2022-11-09T21:44:15 IST" duration-ms="1132" status="PASS">
          <reporter-output>
          </reporter-output>
        </test-method> <!-- beforeSuite -->
        <test-method is-config="true" signature="beforeClassTest()[pri:0, instance:com.vtiger.documentTest.CreateDocumentTest@68b6f0d6]" started-at="2022-11-09T21:44:15 IST" name="beforeClassTest" finished-at="2022-11-09T21:44:20 IST" duration-ms="4122" status="PASS">
          <reporter-output>
          </reporter-output>
        </test-method> <!-- beforeClassTest -->
        <test-method is-config="true" signature="beforeMethodTest()[pri:0, instance:com.vtiger.documentTest.CreateDocumentTest@68b6f0d6]" started-at="2022-11-09T21:44:20 IST" name="beforeMethodTest" finished-at="2022-11-09T21:44:23 IST" duration-ms="3698" status="PASS">
          <reporter-output>
          </reporter-output>
        </test-method> <!-- beforeMethodTest -->
        <test-method signature="createDocumentTest()[pri:0, instance:com.vtiger.documentTest.CreateDocumentTest@68b6f0d6]" started-at="2022-11-09T21:44:23 IST" name="createDocumentTest" finished-at="2022-11-09T21:44:38 IST" duration-ms="14972" status="PASS">
          <reporter-output>
          </reporter-output>
        </test-method> <!-- createDocumentTest -->
        <test-method is-config="true" signature="afterMethodTest()[pri:0, instance:com.vtiger.documentTest.CreateDocumentTest@68b6f0d6]" started-at="2022-11-09T21:44:38 IST" name="afterMethodTest" finished-at="2022-11-09T21:44:40 IST" duration-ms="2029" status="PASS">
          <reporter-output>
          </reporter-output>
        </test-method> <!-- afterMethodTest -->
        <test-method is-config="true" signature="afterClassTest()[pri:0, instance:com.vtiger.documentTest.CreateDocumentTest@68b6f0d6]" started-at="2022-11-09T21:44:40 IST" name="afterClassTest" finished-at="2022-11-09T21:44:41 IST" duration-ms="336" status="PASS">
          <reporter-output>
          </reporter-output>
        </test-method> <!-- afterClassTest -->
        <test-method is-config="true" signature="afterSuiteTest()[pri:0, instance:com.vtiger.documentTest.CreateDocumentTest@68b6f0d6]" started-at="2022-11-09T21:44:41 IST" name="afterSuiteTest" finished-at="2022-11-09T21:44:41 IST" duration-ms="280" status="PASS">
          <reporter-output>
          </reporter-output>
        </test-method> <!-- afterSuiteTest -->
      </class> <!-- com.vtiger.documentTest.CreateDocumentTest -->
    </test> <!-- Test -->
  </suite> <!-- Suite -->
</testng-results>
