<?xml version="1.0" encoding="UTF-8"?>
<testng-results ignored="0" total="1" passed="1" failed="0" skipped="0">
  <reporter-output>
  </reporter-output>
  <suite started-at="2022-09-10T19:02:48 IST" name="Default suite" finished-at="2022-09-10T19:03:29 IST" duration-ms="41167">
    <groups>
      <group name="sanity">
        <method signature="CreateOraganizationTest.createOraganizationTest()[pri:0, instance:com.vtiger.organizationTest.CreateOraganizationTest@692dba54]" name="createOraganizationTest" class="com.vtiger.organizationTest.CreateOraganizationTest"/>
      </group> <!-- sanity -->
    </groups>
    <test started-at="2022-09-10T19:02:48 IST" name="Default test" finished-at="2022-09-10T19:03:29 IST" duration-ms="41167">
      <class name="com.vtiger.organizationTest.CreateOraganizationTest">
        <test-method is-config="true" signature="beforeSuite()[pri:0, instance:com.vtiger.organizationTest.CreateOraganizationTest@692dba54]" started-at="2022-09-10T19:02:46 IST" name="beforeSuite" finished-at="2022-09-10T19:02:48 IST" duration-ms="1725" status="PASS">
          <reporter-output>
          </reporter-output>
        </test-method> <!-- beforeSuite -->
        <test-method is-config="true" signature="beforeClassTest()[pri:0, instance:com.vtiger.organizationTest.CreateOraganizationTest@692dba54]" started-at="2022-09-10T19:02:48 IST" name="beforeClassTest" finished-at="2022-09-10T19:02:56 IST" duration-ms="8090" status="PASS">
          <reporter-output>
          </reporter-output>
        </test-method> <!-- beforeClassTest -->
        <test-method is-config="true" signature="beforeMethodTest()[pri:0, instance:com.vtiger.organizationTest.CreateOraganizationTest@692dba54]" started-at="2022-09-10T19:02:56 IST" name="beforeMethodTest" finished-at="2022-09-10T19:03:03 IST" duration-ms="7254" status="PASS">
          <reporter-output>
          </reporter-output>
        </test-method> <!-- beforeMethodTest -->
        <test-method signature="createOraganizationTest()[pri:0, instance:com.vtiger.organizationTest.CreateOraganizationTest@692dba54]" started-at="2022-09-10T19:03:04 IST" name="createOraganizationTest" finished-at="2022-09-10T19:03:26 IST" duration-ms="22748" status="PASS">
          <reporter-output>
          </reporter-output>
        </test-method> <!-- createOraganizationTest -->
        <test-method is-config="true" signature="afterMethodTest()[pri:0, instance:com.vtiger.organizationTest.CreateOraganizationTest@692dba54]" started-at="2022-09-10T19:03:26 IST" name="afterMethodTest" finished-at="2022-09-10T19:03:28 IST" duration-ms="1932" status="PASS">
          <reporter-output>
          </reporter-output>
        </test-method> <!-- afterMethodTest -->
        <test-method is-config="true" signature="afterClassTest()[pri:0, instance:com.vtiger.organizationTest.CreateOraganizationTest@692dba54]" started-at="2022-09-10T19:03:28 IST" name="afterClassTest" finished-at="2022-09-10T19:03:29 IST" duration-ms="401" status="PASS">
          <reporter-output>
          </reporter-output>
        </test-method> <!-- afterClassTest -->
        <test-method is-config="true" signature="afterSuiteTest()[pri:0, instance:com.vtiger.organizationTest.CreateOraganizationTest@692dba54]" started-at="2022-09-10T19:03:29 IST" name="afterSuiteTest" finished-at="2022-09-10T19:03:29 IST" duration-ms="331" status="PASS">
          <reporter-output>
          </reporter-output>
        </test-method> <!-- afterSuiteTest -->
      </class> <!-- com.vtiger.organizationTest.CreateOraganizationTest -->
    </test> <!-- Default test -->
  </suite> <!-- Default suite -->
</testng-results>
